<?xml version="1.0" encoding="UTF-8"?>
<testng-results skipped="0" failed="0" ignored="0" total="1" passed="1">
  <reporter-output>
  </reporter-output>
  <suite name="Default suite" duration-ms="53309" started-at="2018-11-16T01:39:57Z" finished-at="2018-11-16T01:40:50Z">
    <groups>
    </groups>
    <test name="Default test" duration-ms="53309" started-at="2018-11-16T01:39:57Z" finished-at="2018-11-16T01:40:50Z">
      <class name="tests.Sample">
        <test-method status="PASS" signature="reportInitiliaze()[pri:0, instance:tests.Sample@ac3dc3]" name="reportInitiliaze" is-config="true" duration-ms="293" started-at="2018-11-16T01:39:56Z" finished-at="2018-11-16T01:39:57Z">
          <reporter-output>
          </reporter-output>
        </test-method> <!-- reportInitiliaze -->
        <test-method status="PASS" signature="beforeSuite(java.lang.String, java.lang.String)[pri:0, instance:tests.Sample@ac3dc3]" name="beforeSuite" is-config="true" duration-ms="43728" started-at="2018-11-16T01:39:57Z" finished-at="2018-11-16T01:40:40Z">
          <params>
            <param index="0">
              <value>
                <![CDATA[local]]>
              </value>
            </param>
            <param index="1">
              <value>
                <![CDATA[]]>
              </value>
            </param>
          </params>
          <reporter-output>
          </reporter-output>
        </test-method> <!-- beforeSuite -->
        <test-method status="PASS" signature="homepageTests()[pri:0, instance:tests.Sample@ac3dc3]" name="homepageTests" duration-ms="7246" started-at="2018-11-16T01:40:40Z" finished-at="2018-11-16T01:40:48Z">
          <reporter-output>
          </reporter-output>
        </test-method> <!-- homepageTests -->
        <test-method status="PASS" signature="afterMethod()[pri:0, instance:tests.Sample@ac3dc3]" name="afterMethod" is-config="true" duration-ms="1400" started-at="2018-11-16T01:40:48Z" finished-at="2018-11-16T01:40:49Z">
          <reporter-output>
          </reporter-output>
        </test-method> <!-- afterMethod -->
        <test-method status="PASS" signature="afterSuite()[pri:0, instance:tests.Sample@ac3dc3]" name="afterSuite" is-config="true" duration-ms="881" started-at="2018-11-16T01:40:49Z" finished-at="2018-11-16T01:40:50Z">
          <reporter-output>
          </reporter-output>
        </test-method> <!-- afterSuite -->
      </class> <!-- tests.Sample -->
    </test> <!-- Default test -->
  </suite> <!-- Default suite -->
</testng-results>
