<?xml version="1.0" encoding="UTF-8"?>
<!-- Generated by org.testng.reporters.JUnitXMLReporter -->
<testsuite hostname="hemanth-PC" ignored="0" name="Test" tests="5" failures="0" timestamp="13 Nov 2018 23:58:11 GMT" time="20.203" errors="0">
  <testcase name="f1" time="5.223" classname="tests.Fourth"/>
  <testcase name="f" time="5.393" classname="tests.FirstTest"/>
  <testcase name="f1" time="5.614" classname="tests.Fifth"/>
  <testcase name="f1" time="5.445" classname="tests.Second"/>
  <testcase name="f1" time="5.394" classname="tests.Third"/>
</testsuite> <!-- Test -->
